{"C:\\Users\\User\\Desktop\\IT_projects\\Stellar-Burger\\stellar-burger\\src\\services\\store.ts": {"path":"C:\\Users\\User\\Desktop\\IT_projects\\Stellar-Burger\\stellar-burger\\src\\services\\store.ts","all":false,"statementMap":{"0":{"start":{"line":1,"column":0},"end":{"line":1,"column":67}},"1":{"start":{"line":2,"column":0},"end":{"line":2,"column":62}},"2":{"start":{"line":3,"column":0},"end":{"line":3,"column":51}},"3":{"start":{"line":4,"column":0},"end":{"line":4,"column":49}},"4":{"start":{"line":5,"column":0},"end":{"line":5,"column":69}},"5":{"start":{"line":6,"column":0},"end":{"line":6,"column":0}},"6":{"start":{"line":7,"column":0},"end":{"line":7,"column":8}},"7":{"start":{"line":8,"column":0},"end":{"line":8,"column":23}},"8":{"start":{"line":9,"column":0},"end":{"line":9,"column":30}},"9":{"start":{"line":10,"column":0},"end":{"line":10,"column":29}},"10":{"start":{"line":11,"column":0},"end":{"line":11,"column":21}},"11":{"start":{"line":12,"column":0},"end":{"line":12,"column":0}},"12":{"start":{"line":13,"column":0},"end":{"line":13,"column":44}},"13":{"start":{"line":14,"column":0},"end":{"line":14,"column":34}},"14":{"start":{"line":15,"column":0},"end":{"line":15,"column":20}},"15":{"start":{"line":16,"column":0},"end":{"line":16,"column":22}},"16":{"start":{"line":17,"column":0},"end":{"line":17,"column":45}},"17":{"start":{"line":18,"column":0},"end":{"line":18,"column":3}},"18":{"start":{"line":19,"column":0},"end":{"line":19,"column":0}},"19":{"start":{"line":20,"column":0},"end":{"line":20,"column":37}},"20":{"start":{"line":21,"column":0},"end":{"line":21,"column":23}},"21":{"start":{"line":22,"column":0},"end":{"line":22,"column":49}},"22":{"start":{"line":23,"column":0},"end":{"line":23,"column":3}},"23":{"start":{"line":24,"column":0},"end":{"line":24,"column":0}},"24":{"start":{"line":25,"column":0},"end":{"line":25,"column":55}},"25":{"start":{"line":26,"column":0},"end":{"line":26,"column":0}},"26":{"start":{"line":27,"column":0},"end":{"line":27,"column":48}},"27":{"start":{"line":28,"column":0},"end":{"line":28,"column":0}},"28":{"start":{"line":29,"column":0},"end":{"line":29,"column":67}},"29":{"start":{"line":30,"column":0},"end":{"line":30,"column":73}},"30":{"start":{"line":31,"column":0},"end":{"line":31,"column":0}},"31":{"start":{"line":32,"column":0},"end":{"line":32,"column":21}}},"s":{"0":1,"1":1,"2":1,"3":1,"4":1,"5":1,"6":1,"7":1,"8":1,"9":1,"10":1,"11":1,"12":1,"13":1,"14":1,"15":1,"16":1,"17":1,"18":1,"19":1,"20":1,"21":1,"22":1,"23":1,"24":1,"25":1,"26":1,"27":1,"28":1,"29":1,"30":1,"31":1},"branchMap":{},"b":{},"fnMap":{"0":{"name":"useDispatch","decl":{"start":{"line":29,"column":46},"end":{"line":29,"column":64}},"loc":{"start":{"line":29,"column":46},"end":{"line":29,"column":64}},"line":29}},"f":{"0":0}}
,"C:\\Users\\User\\Desktop\\IT_projects\\Stellar-Burger\\stellar-burger\\src\\services\\slices\\constructorSlice.ts": {"path":"C:\\Users\\User\\Desktop\\IT_projects\\Stellar-Burger\\stellar-burger\\src\\services\\slices\\constructorSlice.ts","all":false,"statementMap":{"0":{"start":{"line":1,"column":0},"end":{"line":1,"column":54}},"1":{"start":{"line":2,"column":0},"end":{"line":2,"column":70}},"2":{"start":{"line":3,"column":0},"end":{"line":3,"column":43}},"3":{"start":{"line":4,"column":0},"end":{"line":4,"column":0}},"4":{"start":{"line":5,"column":0},"end":{"line":5,"column":31}},"5":{"start":{"line":6,"column":0},"end":{"line":6,"column":21}},"6":{"start":{"line":7,"column":0},"end":{"line":7,"column":39}},"7":{"start":{"line":8,"column":0},"end":{"line":8,"column":42}},"8":{"start":{"line":9,"column":0},"end":{"line":9,"column":4}},"9":{"start":{"line":10,"column":0},"end":{"line":10,"column":21}},"10":{"start":{"line":11,"column":0},"end":{"line":11,"column":23}},"11":{"start":{"line":12,"column":0},"end":{"line":12,"column":1}},"12":{"start":{"line":13,"column":0},"end":{"line":13,"column":0}},"13":{"start":{"line":14,"column":0},"end":{"line":14,"column":43}},"14":{"start":{"line":15,"column":0},"end":{"line":15,"column":21}},"15":{"start":{"line":16,"column":0},"end":{"line":16,"column":14}},"16":{"start":{"line":17,"column":0},"end":{"line":17,"column":19}},"17":{"start":{"line":18,"column":0},"end":{"line":18,"column":4}},"18":{"start":{"line":19,"column":0},"end":{"line":19,"column":19}},"19":{"start":{"line":20,"column":0},"end":{"line":20,"column":13}},"20":{"start":{"line":21,"column":0},"end":{"line":21,"column":2}},"21":{"start":{"line":22,"column":0},"end":{"line":22,"column":0}},"22":{"start":{"line":23,"column":0},"end":{"line":23,"column":51}},"23":{"start":{"line":24,"column":0},"end":{"line":24,"column":22}},"24":{"start":{"line":25,"column":0},"end":{"line":25,"column":15}},"25":{"start":{"line":26,"column":0},"end":{"line":26,"column":13}},"26":{"start":{"line":27,"column":0},"end":{"line":27,"column":21}},"27":{"start":{"line":28,"column":0},"end":{"line":28,"column":74}},"28":{"start":{"line":29,"column":0},"end":{"line":29,"column":44}},"29":{"start":{"line":30,"column":0},"end":{"line":30,"column":54}},"30":{"start":{"line":31,"column":0},"end":{"line":31,"column":16}},"31":{"start":{"line":32,"column":0},"end":{"line":32,"column":66}},"32":{"start":{"line":33,"column":0},"end":{"line":33,"column":9}},"33":{"start":{"line":34,"column":0},"end":{"line":34,"column":8}},"34":{"start":{"line":35,"column":0},"end":{"line":35,"column":45}},"35":{"start":{"line":36,"column":0},"end":{"line":36,"column":28}},"36":{"start":{"line":37,"column":0},"end":{"line":37,"column":50}},"37":{"start":{"line":38,"column":0},"end":{"line":38,"column":7}},"38":{"start":{"line":39,"column":0},"end":{"line":39,"column":6}},"39":{"start":{"line":40,"column":0},"end":{"line":40,"column":43}},"40":{"start":{"line":41,"column":0},"end":{"line":41,"column":42}},"41":{"start":{"line":42,"column":0},"end":{"line":42,"column":44}},"42":{"start":{"line":43,"column":0},"end":{"line":43,"column":52}},"43":{"start":{"line":44,"column":0},"end":{"line":44,"column":67}},"44":{"start":{"line":45,"column":0},"end":{"line":45,"column":12}},"45":{"start":{"line":46,"column":0},"end":{"line":46,"column":7}},"46":{"start":{"line":47,"column":0},"end":{"line":47,"column":6}},"47":{"start":{"line":48,"column":0},"end":{"line":48,"column":34}},"48":{"start":{"line":49,"column":0},"end":{"line":49,"column":40}},"49":{"start":{"line":50,"column":0},"end":{"line":50,"column":46}},"50":{"start":{"line":51,"column":0},"end":{"line":51,"column":5}},"51":{"start":{"line":52,"column":0},"end":{"line":52,"column":3}},"52":{"start":{"line":53,"column":0},"end":{"line":53,"column":3}},"53":{"start":{"line":54,"column":0},"end":{"line":54,"column":0}},"54":{"start":{"line":55,"column":0},"end":{"line":55,"column":70}},"55":{"start":{"line":56,"column":0},"end":{"line":56,"column":33}},"56":{"start":{"line":57,"column":0},"end":{"line":57,"column":71}}},"s":{"0":1,"1":1,"2":1,"3":1,"4":1,"5":1,"6":1,"7":1,"8":1,"9":1,"10":1,"11":1,"12":1,"13":1,"14":1,"15":1,"16":1,"17":1,"18":1,"19":1,"20":1,"21":1,"22":1,"23":1,"24":1,"25":1,"26":1,"27":1,"28":1,"29":1,"30":1,"31":0,"32":0,"33":1,"34":1,"35":1,"36":1,"37":1,"38":1,"39":1,"40":1,"41":1,"42":1,"43":1,"44":1,"45":1,"46":1,"47":1,"48":1,"49":1,"50":1,"51":1,"52":1,"53":1,"54":1,"55":1,"56":1},"branchMap":{"0":{"type":"branch","line":28,"loc":{"start":{"line":28,"column":15},"end":{"line":34,"column":7}},"locations":[{"start":{"line":28,"column":15},"end":{"line":34,"column":7}}]},"1":{"type":"branch","line":31,"loc":{"start":{"line":31,"column":9},"end":{"line":33,"column":9}},"locations":[{"start":{"line":31,"column":9},"end":{"line":33,"column":9}}]},"2":{"type":"branch","line":35,"loc":{"start":{"line":35,"column":15},"end":{"line":38,"column":7}},"locations":[{"start":{"line":35,"column":15},"end":{"line":38,"column":7}}]},"3":{"type":"branch","line":40,"loc":{"start":{"line":40,"column":23},"end":{"line":47,"column":5}},"locations":[{"start":{"line":40,"column":23},"end":{"line":47,"column":5}}]},"4":{"type":"branch","line":44,"loc":{"start":{"line":44,"column":12},"end":{"line":44,"column":40}},"locations":[{"start":{"line":44,"column":12},"end":{"line":44,"column":40}}]},"5":{"type":"branch","line":48,"loc":{"start":{"line":48,"column":22},"end":{"line":51,"column":5}},"locations":[{"start":{"line":48,"column":22},"end":{"line":51,"column":5}}]}},"b":{"0":[1],"1":[0],"2":[1],"3":[1],"4":[1],"5":[1]},"fnMap":{"0":{"name":"reducer","decl":{"start":{"line":28,"column":15},"end":{"line":34,"column":7}},"loc":{"start":{"line":28,"column":15},"end":{"line":34,"column":7}},"line":28},"1":{"name":"prepare","decl":{"start":{"line":35,"column":15},"end":{"line":38,"column":7}},"loc":{"start":{"line":35,"column":15},"end":{"line":38,"column":7}},"line":35},"2":{"name":"removeIngredients","decl":{"start":{"line":40,"column":23},"end":{"line":47,"column":5}},"loc":{"start":{"line":40,"column":23},"end":{"line":47,"column":5}},"line":40},"3":{"name":"clearIngredients","decl":{"start":{"line":48,"column":22},"end":{"line":51,"column":5}},"loc":{"start":{"line":48,"column":22},"end":{"line":51,"column":5}},"line":48}},"f":{"0":1,"1":1,"2":1,"3":1}}
,"C:\\Users\\User\\Desktop\\IT_projects\\Stellar-Burger\\stellar-burger\\src\\services\\slices\\ingredientSlice.ts": {"path":"C:\\Users\\User\\Desktop\\IT_projects\\Stellar-Burger\\stellar-burger\\src\\services\\slices\\ingredientSlice.ts","all":false,"statementMap":{"0":{"start":{"line":1,"column":0},"end":{"line":1,"column":43}},"1":{"start":{"line":2,"column":0},"end":{"line":2,"column":65}},"2":{"start":{"line":3,"column":0},"end":{"line":3,"column":59}},"3":{"start":{"line":4,"column":0},"end":{"line":4,"column":0}},"4":{"start":{"line":5,"column":0},"end":{"line":5,"column":24}},"5":{"start":{"line":6,"column":0},"end":{"line":6,"column":29}},"6":{"start":{"line":7,"column":0},"end":{"line":7,"column":31}},"7":{"start":{"line":8,"column":0},"end":{"line":8,"column":23}},"8":{"start":{"line":9,"column":0},"end":{"line":9,"column":1}},"9":{"start":{"line":10,"column":0},"end":{"line":10,"column":0}},"10":{"start":{"line":11,"column":0},"end":{"line":11,"column":43}},"11":{"start":{"line":12,"column":0},"end":{"line":12,"column":18}},"12":{"start":{"line":13,"column":0},"end":{"line":13,"column":29}},"13":{"start":{"line":14,"column":0},"end":{"line":14,"column":13}},"14":{"start":{"line":15,"column":0},"end":{"line":15,"column":2}},"15":{"start":{"line":16,"column":0},"end":{"line":16,"column":0}},"16":{"start":{"line":17,"column":0},"end":{"line":17,"column":47}},"17":{"start":{"line":18,"column":0},"end":{"line":18,"column":31}},"18":{"start":{"line":19,"column":0},"end":{"line":19,"column":39}},"19":{"start":{"line":20,"column":0},"end":{"line":20,"column":2}},"20":{"start":{"line":21,"column":0},"end":{"line":21,"column":0}},"21":{"start":{"line":22,"column":0},"end":{"line":22,"column":45}},"22":{"start":{"line":23,"column":0},"end":{"line":23,"column":22}},"23":{"start":{"line":24,"column":0},"end":{"line":24,"column":15}},"24":{"start":{"line":25,"column":0},"end":{"line":25,"column":15}},"25":{"start":{"line":26,"column":0},"end":{"line":26,"column":14}},"26":{"start":{"line":27,"column":0},"end":{"line":27,"column":52}},"27":{"start":{"line":28,"column":0},"end":{"line":28,"column":45}},"28":{"start":{"line":29,"column":0},"end":{"line":29,"column":4}},"29":{"start":{"line":30,"column":0},"end":{"line":30,"column":31}},"30":{"start":{"line":31,"column":0},"end":{"line":31,"column":11}},"31":{"start":{"line":32,"column":0},"end":{"line":32,"column":51}},"32":{"start":{"line":33,"column":0},"end":{"line":33,"column":41}},"33":{"start":{"line":34,"column":0},"end":{"line":34,"column":27}},"34":{"start":{"line":35,"column":0},"end":{"line":35,"column":8}},"35":{"start":{"line":36,"column":0},"end":{"line":36,"column":60}},"36":{"start":{"line":37,"column":0},"end":{"line":37,"column":42}},"37":{"start":{"line":38,"column":0},"end":{"line":38,"column":51}},"38":{"start":{"line":39,"column":0},"end":{"line":39,"column":8}},"39":{"start":{"line":40,"column":0},"end":{"line":40,"column":61}},"40":{"start":{"line":41,"column":0},"end":{"line":41,"column":42}},"41":{"start":{"line":42,"column":0},"end":{"line":42,"column":43}},"42":{"start":{"line":43,"column":0},"end":{"line":43,"column":9}},"43":{"start":{"line":44,"column":0},"end":{"line":44,"column":3}},"44":{"start":{"line":45,"column":0},"end":{"line":45,"column":3}},"45":{"start":{"line":46,"column":0},"end":{"line":46,"column":0}},"46":{"start":{"line":47,"column":0},"end":{"line":47,"column":69}},"47":{"start":{"line":48,"column":0},"end":{"line":48,"column":59}}},"s":{"0":1,"1":1,"2":1,"3":1,"4":1,"5":1,"6":1,"7":1,"8":1,"9":1,"10":1,"11":1,"12":1,"13":1,"14":1,"15":1,"16":1,"17":1,"18":1,"19":1,"20":1,"21":1,"22":1,"23":1,"24":1,"25":1,"26":1,"27":1,"28":1,"29":1,"30":2,"31":2,"32":1,"33":1,"34":2,"35":2,"36":1,"37":1,"38":2,"39":2,"40":1,"41":1,"42":2,"43":2,"44":1,"45":1,"46":1,"47":1},"branchMap":{"0":{"type":"branch","line":30,"loc":{"start":{"line":30,"column":17},"end":{"line":44,"column":3}},"locations":[{"start":{"line":30,"column":17},"end":{"line":44,"column":3}}]},"1":{"type":"branch","line":32,"loc":{"start":{"line":32,"column":39},"end":{"line":35,"column":7}},"locations":[{"start":{"line":32,"column":39},"end":{"line":35,"column":7}}]},"2":{"type":"branch","line":36,"loc":{"start":{"line":36,"column":40},"end":{"line":39,"column":7}},"locations":[{"start":{"line":36,"column":40},"end":{"line":39,"column":7}}]},"3":{"type":"branch","line":38,"loc":{"start":{"line":38,"column":42},"end":{"line":38,"column":50}},"locations":[{"start":{"line":38,"column":42},"end":{"line":38,"column":50}}]},"4":{"type":"branch","line":40,"loc":{"start":{"line":40,"column":41},"end":{"line":43,"column":7}},"locations":[{"start":{"line":40,"column":41},"end":{"line":43,"column":7}}]}},"b":{"0":[2],"1":[1],"2":[1],"3":[0],"4":[1]},"fnMap":{"0":{"name":"isLoading","decl":{"start":{"line":27,"column":15},"end":{"line":27,"column":31}},"loc":{"start":{"line":27,"column":15},"end":{"line":27,"column":31}},"line":27},"1":{"name":"ingredients","decl":{"start":{"line":28,"column":17},"end":{"line":28,"column":33}},"loc":{"start":{"line":28,"column":17},"end":{"line":28,"column":33}},"line":28},"2":{"name":"extraReducers","decl":{"start":{"line":30,"column":17},"end":{"line":44,"column":3}},"loc":{"start":{"line":30,"column":17},"end":{"line":44,"column":3}},"line":30}},"f":{"0":0,"1":0,"2":2}}
,"C:\\Users\\User\\Desktop\\IT_projects\\Stellar-Burger\\stellar-burger\\src\\services\\slices\\orderSlice.ts": {"path":"C:\\Users\\User\\Desktop\\IT_projects\\Stellar-Burger\\stellar-burger\\src\\services\\slices\\orderSlice.ts","all":false,"statementMap":{"0":{"start":{"line":1,"column":0},"end":{"line":1,"column":8}},"1":{"start":{"line":2,"column":0},"end":{"line":2,"column":14}},"2":{"start":{"line":3,"column":0},"end":{"line":3,"column":22}},"3":{"start":{"line":4,"column":0},"end":{"line":4,"column":15}},"4":{"start":{"line":5,"column":0},"end":{"line":5,"column":16}},"5":{"start":{"line":6,"column":0},"end":{"line":6,"column":32}},"6":{"start":{"line":7,"column":0},"end":{"line":7,"column":51}},"7":{"start":{"line":8,"column":0},"end":{"line":8,"column":65}},"8":{"start":{"line":9,"column":0},"end":{"line":9,"column":0}},"9":{"start":{"line":10,"column":0},"end":{"line":10,"column":27}},"10":{"start":{"line":11,"column":0},"end":{"line":11,"column":24}},"11":{"start":{"line":12,"column":0},"end":{"line":12,"column":32}},"12":{"start":{"line":13,"column":0},"end":{"line":13,"column":19}},"13":{"start":{"line":14,"column":0},"end":{"line":14,"column":26}},"14":{"start":{"line":15,"column":0},"end":{"line":15,"column":23}},"15":{"start":{"line":16,"column":0},"end":{"line":16,"column":27}},"16":{"start":{"line":17,"column":0},"end":{"line":17,"column":1}},"17":{"start":{"line":18,"column":0},"end":{"line":18,"column":0}},"18":{"start":{"line":19,"column":0},"end":{"line":19,"column":46}},"19":{"start":{"line":20,"column":0},"end":{"line":20,"column":22}},"20":{"start":{"line":21,"column":0},"end":{"line":21,"column":23}},"21":{"start":{"line":22,"column":0},"end":{"line":22,"column":13}},"22":{"start":{"line":23,"column":0},"end":{"line":23,"column":24}},"23":{"start":{"line":24,"column":0},"end":{"line":24,"column":14}},"24":{"start":{"line":25,"column":0},"end":{"line":25,"column":12}},"25":{"start":{"line":26,"column":0},"end":{"line":26,"column":2}},"26":{"start":{"line":27,"column":0},"end":{"line":27,"column":0}},"27":{"start":{"line":28,"column":0},"end":{"line":28,"column":44}},"28":{"start":{"line":29,"column":0},"end":{"line":29,"column":22}},"29":{"start":{"line":30,"column":0},"end":{"line":30,"column":64}},"30":{"start":{"line":31,"column":0},"end":{"line":31,"column":2}},"31":{"start":{"line":32,"column":0},"end":{"line":32,"column":0}},"32":{"start":{"line":33,"column":0},"end":{"line":33,"column":41}},"33":{"start":{"line":34,"column":0},"end":{"line":34,"column":19}},"34":{"start":{"line":35,"column":0},"end":{"line":35,"column":33}},"35":{"start":{"line":36,"column":0},"end":{"line":36,"column":2}},"36":{"start":{"line":37,"column":0},"end":{"line":37,"column":0}},"37":{"start":{"line":38,"column":0},"end":{"line":38,"column":42}},"38":{"start":{"line":39,"column":0},"end":{"line":39,"column":21}},"39":{"start":{"line":40,"column":0},"end":{"line":40,"column":34}},"40":{"start":{"line":41,"column":0},"end":{"line":41,"column":2}},"41":{"start":{"line":42,"column":0},"end":{"line":42,"column":0}},"42":{"start":{"line":43,"column":0},"end":{"line":43,"column":49}},"43":{"start":{"line":44,"column":0},"end":{"line":44,"column":27}},"44":{"start":{"line":45,"column":0},"end":{"line":45,"column":61}},"45":{"start":{"line":46,"column":0},"end":{"line":46,"column":2}},"46":{"start":{"line":47,"column":0},"end":{"line":47,"column":0}},"47":{"start":{"line":48,"column":0},"end":{"line":48,"column":39}},"48":{"start":{"line":49,"column":0},"end":{"line":49,"column":16}},"49":{"start":{"line":50,"column":0},"end":{"line":50,"column":15}},"50":{"start":{"line":51,"column":0},"end":{"line":51,"column":13}},"51":{"start":{"line":52,"column":0},"end":{"line":52,"column":23}},"52":{"start":{"line":53,"column":0},"end":{"line":53,"column":33}},"53":{"start":{"line":54,"column":0},"end":{"line":54,"column":34}},"54":{"start":{"line":55,"column":0},"end":{"line":55,"column":5}},"55":{"start":{"line":56,"column":0},"end":{"line":56,"column":4}},"56":{"start":{"line":57,"column":0},"end":{"line":57,"column":31}},"57":{"start":{"line":58,"column":0},"end":{"line":58,"column":11}},"58":{"start":{"line":59,"column":0},"end":{"line":59,"column":45}},"59":{"start":{"line":60,"column":0},"end":{"line":60,"column":36}},"60":{"start":{"line":61,"column":0},"end":{"line":61,"column":27}},"61":{"start":{"line":62,"column":0},"end":{"line":62,"column":8}},"62":{"start":{"line":63,"column":0},"end":{"line":63,"column":54}},"63":{"start":{"line":64,"column":0},"end":{"line":64,"column":37}},"64":{"start":{"line":65,"column":0},"end":{"line":65,"column":51}},"65":{"start":{"line":66,"column":0},"end":{"line":66,"column":8}},"66":{"start":{"line":67,"column":0},"end":{"line":67,"column":55}},"67":{"start":{"line":68,"column":0},"end":{"line":68,"column":37}},"68":{"start":{"line":69,"column":0},"end":{"line":69,"column":35}},"69":{"start":{"line":70,"column":0},"end":{"line":70,"column":36}},"70":{"start":{"line":71,"column":0},"end":{"line":71,"column":45}},"71":{"start":{"line":72,"column":0},"end":{"line":72,"column":8}},"72":{"start":{"line":73,"column":0},"end":{"line":73,"column":46}},"73":{"start":{"line":74,"column":0},"end":{"line":74,"column":36}},"74":{"start":{"line":75,"column":0},"end":{"line":75,"column":34}},"75":{"start":{"line":76,"column":0},"end":{"line":76,"column":8}},"76":{"start":{"line":77,"column":0},"end":{"line":77,"column":55}},"77":{"start":{"line":78,"column":0},"end":{"line":78,"column":37}},"78":{"start":{"line":79,"column":0},"end":{"line":79,"column":51}},"79":{"start":{"line":80,"column":0},"end":{"line":80,"column":8}},"80":{"start":{"line":81,"column":0},"end":{"line":81,"column":56}},"81":{"start":{"line":82,"column":0},"end":{"line":82,"column":35}},"82":{"start":{"line":83,"column":0},"end":{"line":83,"column":38}},"83":{"start":{"line":84,"column":0},"end":{"line":84,"column":8}},"84":{"start":{"line":85,"column":0},"end":{"line":85,"column":48}},"85":{"start":{"line":86,"column":0},"end":{"line":86,"column":36}},"86":{"start":{"line":87,"column":0},"end":{"line":87,"column":34}},"87":{"start":{"line":88,"column":0},"end":{"line":88,"column":8}},"88":{"start":{"line":89,"column":0},"end":{"line":89,"column":57}},"89":{"start":{"line":90,"column":0},"end":{"line":90,"column":37}},"90":{"start":{"line":91,"column":0},"end":{"line":91,"column":35}},"91":{"start":{"line":92,"column":0},"end":{"line":92,"column":51}},"92":{"start":{"line":93,"column":0},"end":{"line":93,"column":8}},"93":{"start":{"line":94,"column":0},"end":{"line":94,"column":58}},"94":{"start":{"line":95,"column":0},"end":{"line":95,"column":37}},"95":{"start":{"line":96,"column":0},"end":{"line":96,"column":35}},"96":{"start":{"line":97,"column":0},"end":{"line":97,"column":52}},"97":{"start":{"line":98,"column":0},"end":{"line":98,"column":8}},"98":{"start":{"line":99,"column":0},"end":{"line":99,"column":53}},"99":{"start":{"line":100,"column":0},"end":{"line":100,"column":36}},"100":{"start":{"line":101,"column":0},"end":{"line":101,"column":8}},"101":{"start":{"line":102,"column":0},"end":{"line":102,"column":62}},"102":{"start":{"line":103,"column":0},"end":{"line":103,"column":51}},"103":{"start":{"line":104,"column":0},"end":{"line":104,"column":8}},"104":{"start":{"line":105,"column":0},"end":{"line":105,"column":63}},"105":{"start":{"line":106,"column":0},"end":{"line":106,"column":37}},"106":{"start":{"line":107,"column":0},"end":{"line":107,"column":56}},"107":{"start":{"line":108,"column":0},"end":{"line":108,"column":9}},"108":{"start":{"line":109,"column":0},"end":{"line":109,"column":3}},"109":{"start":{"line":110,"column":0},"end":{"line":110,"column":3}},"110":{"start":{"line":111,"column":0},"end":{"line":111,"column":0}},"111":{"start":{"line":112,"column":0},"end":{"line":112,"column":49}},"112":{"start":{"line":113,"column":0},"end":{"line":113,"column":47}}},"s":{"0":1,"1":1,"2":1,"3":1,"4":1,"5":1,"6":1,"7":1,"8":1,"9":1,"10":1,"11":1,"12":1,"13":1,"14":1,"15":1,"16":1,"17":1,"18":1,"19":1,"20":1,"21":1,"22":1,"23":1,"24":1,"25":1,"26":1,"27":1,"28":1,"29":1,"30":1,"31":1,"32":1,"33":1,"34":1,"35":1,"36":1,"37":1,"38":1,"39":1,"40":1,"41":1,"42":1,"43":1,"44":1,"45":1,"46":1,"47":1,"48":1,"49":1,"50":1,"51":1,"52":0,"53":0,"54":0,"55":1,"56":1,"57":2,"58":2,"59":1,"60":1,"61":2,"62":2,"63":1,"64":1,"65":2,"66":2,"67":1,"68":1,"69":1,"70":1,"71":2,"72":2,"73":1,"74":1,"75":2,"76":2,"77":1,"78":1,"79":2,"80":2,"81":1,"82":1,"83":2,"84":2,"85":1,"86":1,"87":2,"88":2,"89":1,"90":1,"91":1,"92":2,"93":2,"94":1,"95":1,"96":1,"97":2,"98":2,"99":1,"100":2,"101":2,"102":1,"103":2,"104":2,"105":1,"106":1,"107":2,"108":2,"109":1,"110":1,"111":1,"112":1},"branchMap":{"0":{"type":"branch","line":57,"loc":{"start":{"line":57,"column":17},"end":{"line":109,"column":3}},"locations":[{"start":{"line":57,"column":17},"end":{"line":109,"column":3}}]},"1":{"type":"branch","line":59,"loc":{"start":{"line":59,"column":33},"end":{"line":62,"column":7}},"locations":[{"start":{"line":59,"column":33},"end":{"line":62,"column":7}}]},"2":{"type":"branch","line":63,"loc":{"start":{"line":63,"column":34},"end":{"line":66,"column":7}},"locations":[{"start":{"line":63,"column":34},"end":{"line":66,"column":7}}]},"3":{"type":"branch","line":65,"loc":{"start":{"line":65,"column":42},"end":{"line":65,"column":50}},"locations":[{"start":{"line":65,"column":42},"end":{"line":65,"column":50}}]},"4":{"type":"branch","line":67,"loc":{"start":{"line":67,"column":35},"end":{"line":72,"column":7}},"locations":[{"start":{"line":67,"column":35},"end":{"line":72,"column":7}}]},"5":{"type":"branch","line":73,"loc":{"start":{"line":73,"column":34},"end":{"line":76,"column":7}},"locations":[{"start":{"line":73,"column":34},"end":{"line":76,"column":7}}]},"6":{"type":"branch","line":77,"loc":{"start":{"line":77,"column":35},"end":{"line":80,"column":7}},"locations":[{"start":{"line":77,"column":35},"end":{"line":80,"column":7}}]},"7":{"type":"branch","line":79,"loc":{"start":{"line":79,"column":42},"end":{"line":79,"column":50}},"locations":[{"start":{"line":79,"column":42},"end":{"line":79,"column":50}}]},"8":{"type":"branch","line":81,"loc":{"start":{"line":81,"column":36},"end":{"line":84,"column":7}},"locations":[{"start":{"line":81,"column":36},"end":{"line":84,"column":7}}]},"9":{"type":"branch","line":85,"loc":{"start":{"line":85,"column":36},"end":{"line":88,"column":7}},"locations":[{"start":{"line":85,"column":36},"end":{"line":88,"column":7}}]},"10":{"type":"branch","line":89,"loc":{"start":{"line":89,"column":37},"end":{"line":93,"column":7}},"locations":[{"start":{"line":89,"column":37},"end":{"line":93,"column":7}}]},"11":{"type":"branch","line":92,"loc":{"start":{"line":92,"column":42},"end":{"line":92,"column":50}},"locations":[{"start":{"line":92,"column":42},"end":{"line":92,"column":50}}]},"12":{"type":"branch","line":94,"loc":{"start":{"line":94,"column":38},"end":{"line":98,"column":7}},"locations":[{"start":{"line":94,"column":38},"end":{"line":98,"column":7}}]},"13":{"type":"branch","line":99,"loc":{"start":{"line":99,"column":41},"end":{"line":101,"column":7}},"locations":[{"start":{"line":99,"column":41},"end":{"line":101,"column":7}}]},"14":{"type":"branch","line":102,"loc":{"start":{"line":102,"column":42},"end":{"line":104,"column":7}},"locations":[{"start":{"line":102,"column":42},"end":{"line":104,"column":7}}]},"15":{"type":"branch","line":103,"loc":{"start":{"line":103,"column":42},"end":{"line":103,"column":50}},"locations":[{"start":{"line":103,"column":42},"end":{"line":103,"column":50}}]},"16":{"type":"branch","line":105,"loc":{"start":{"line":105,"column":43},"end":{"line":108,"column":7}},"locations":[{"start":{"line":105,"column":43},"end":{"line":108,"column":7}}]}},"b":{"0":[2],"1":[1],"2":[1],"3":[0],"4":[1],"5":[1],"6":[1],"7":[0],"8":[1],"9":[1],"10":[1],"11":[0],"12":[1],"13":[1],"14":[1],"15":[0],"16":[1]},"fnMap":{"0":{"name":"orderClose","decl":{"start":{"line":52,"column":14},"end":{"line":55,"column":5}},"loc":{"start":{"line":52,"column":14},"end":{"line":55,"column":5}},"line":52},"1":{"name":"extraReducers","decl":{"start":{"line":57,"column":17},"end":{"line":109,"column":3}},"loc":{"start":{"line":57,"column":17},"end":{"line":109,"column":3}},"line":57}},"f":{"0":0,"1":2}}
,"C:\\Users\\User\\Desktop\\IT_projects\\Stellar-Burger\\stellar-burger\\src\\services\\slices\\userSlice.ts": {"path":"C:\\Users\\User\\Desktop\\IT_projects\\Stellar-Burger\\stellar-burger\\src\\services\\slices\\userSlice.ts","all":false,"statementMap":{"0":{"start":{"line":1,"column":0},"end":{"line":1,"column":37}},"1":{"start":{"line":2,"column":0},"end":{"line":2,"column":65}},"2":{"start":{"line":3,"column":0},"end":{"line":3,"column":8}},"3":{"start":{"line":4,"column":0},"end":{"line":4,"column":18}},"4":{"start":{"line":5,"column":0},"end":{"line":5,"column":16}},"5":{"start":{"line":6,"column":0},"end":{"line":6,"column":15}},"6":{"start":{"line":7,"column":0},"end":{"line":7,"column":13}},"7":{"start":{"line":8,"column":0},"end":{"line":8,"column":20}},"8":{"start":{"line":9,"column":0},"end":{"line":9,"column":19}},"9":{"start":{"line":10,"column":0},"end":{"line":10,"column":13}},"10":{"start":{"line":11,"column":0},"end":{"line":11,"column":16}},"11":{"start":{"line":12,"column":0},"end":{"line":12,"column":11}},"12":{"start":{"line":13,"column":0},"end":{"line":13,"column":32}},"13":{"start":{"line":14,"column":0},"end":{"line":14,"column":72}},"14":{"start":{"line":15,"column":0},"end":{"line":15,"column":0}},"15":{"start":{"line":16,"column":0},"end":{"line":16,"column":45}},"16":{"start":{"line":17,"column":0},"end":{"line":17,"column":22}},"17":{"start":{"line":18,"column":0},"end":{"line":18,"column":76}},"18":{"start":{"line":19,"column":0},"end":{"line":19,"column":2}},"19":{"start":{"line":20,"column":0},"end":{"line":20,"column":0}},"20":{"start":{"line":21,"column":0},"end":{"line":21,"column":42}},"21":{"start":{"line":22,"column":0},"end":{"line":22,"column":19}},"22":{"start":{"line":23,"column":0},"end":{"line":23,"column":46}},"23":{"start":{"line":24,"column":0},"end":{"line":24,"column":61}},"24":{"start":{"line":25,"column":0},"end":{"line":25,"column":51}},"25":{"start":{"line":26,"column":0},"end":{"line":26,"column":64}},"26":{"start":{"line":27,"column":0},"end":{"line":27,"column":20}},"27":{"start":{"line":28,"column":0},"end":{"line":28,"column":3}},"28":{"start":{"line":29,"column":0},"end":{"line":29,"column":2}},"29":{"start":{"line":30,"column":0},"end":{"line":30,"column":0}},"30":{"start":{"line":31,"column":0},"end":{"line":31,"column":43}},"31":{"start":{"line":32,"column":0},"end":{"line":32,"column":20}},"32":{"start":{"line":33,"column":0},"end":{"line":33,"column":79}},"33":{"start":{"line":34,"column":0},"end":{"line":34,"column":2}},"34":{"start":{"line":35,"column":0},"end":{"line":35,"column":0}},"35":{"start":{"line":36,"column":0},"end":{"line":36,"column":75}},"36":{"start":{"line":37,"column":0},"end":{"line":37,"column":20}},"37":{"start":{"line":38,"column":0},"end":{"line":38,"column":30}},"38":{"start":{"line":39,"column":0},"end":{"line":39,"column":42}},"39":{"start":{"line":40,"column":0},"end":{"line":40,"column":3}},"40":{"start":{"line":41,"column":0},"end":{"line":41,"column":0}},"41":{"start":{"line":42,"column":0},"end":{"line":42,"column":47}},"42":{"start":{"line":43,"column":0},"end":{"line":43,"column":24}},"43":{"start":{"line":44,"column":0},"end":{"line":44,"column":74}},"44":{"start":{"line":45,"column":0},"end":{"line":45,"column":2}},"45":{"start":{"line":46,"column":0},"end":{"line":46,"column":0}},"46":{"start":{"line":47,"column":0},"end":{"line":47,"column":46}},"47":{"start":{"line":48,"column":0},"end":{"line":48,"column":23}},"48":{"start":{"line":49,"column":0},"end":{"line":49,"column":58}},"49":{"start":{"line":50,"column":0},"end":{"line":50,"column":36}},"50":{"start":{"line":51,"column":0},"end":{"line":51,"column":2}},"51":{"start":{"line":52,"column":0},"end":{"line":52,"column":0}},"52":{"start":{"line":53,"column":0},"end":{"line":53,"column":42}},"53":{"start":{"line":54,"column":0},"end":{"line":54,"column":19}},"54":{"start":{"line":55,"column":0},"end":{"line":55,"column":30}},"55":{"start":{"line":56,"column":0},"end":{"line":56,"column":35}},"56":{"start":{"line":57,"column":0},"end":{"line":57,"column":18}},"57":{"start":{"line":58,"column":0},"end":{"line":58,"column":24}},"58":{"start":{"line":59,"column":0},"end":{"line":59,"column":38}},"59":{"start":{"line":60,"column":0},"end":{"line":60,"column":10}},"60":{"start":{"line":61,"column":0},"end":{"line":61,"column":22}},"61":{"start":{"line":62,"column":0},"end":{"line":62,"column":38}},"62":{"start":{"line":63,"column":0},"end":{"line":63,"column":50}},"63":{"start":{"line":64,"column":0},"end":{"line":64,"column":10}},"64":{"start":{"line":65,"column":0},"end":{"line":65,"column":55}},"65":{"start":{"line":66,"column":0},"end":{"line":66,"column":12}},"66":{"start":{"line":67,"column":0},"end":{"line":67,"column":37}},"67":{"start":{"line":68,"column":0},"end":{"line":68,"column":5}},"68":{"start":{"line":69,"column":0},"end":{"line":69,"column":3}},"69":{"start":{"line":70,"column":0},"end":{"line":70,"column":2}},"70":{"start":{"line":71,"column":0},"end":{"line":71,"column":0}},"71":{"start":{"line":72,"column":0},"end":{"line":72,"column":18}},"72":{"start":{"line":73,"column":0},"end":{"line":73,"column":25}},"73":{"start":{"line":74,"column":0},"end":{"line":74,"column":21}},"74":{"start":{"line":75,"column":0},"end":{"line":75,"column":28}},"75":{"start":{"line":76,"column":0},"end":{"line":76,"column":2}},"76":{"start":{"line":77,"column":0},"end":{"line":77,"column":0}},"77":{"start":{"line":78,"column":0},"end":{"line":78,"column":40}},"78":{"start":{"line":79,"column":0},"end":{"line":79,"column":23}},"79":{"start":{"line":80,"column":0},"end":{"line":80,"column":13}},"80":{"start":{"line":81,"column":0},"end":{"line":81,"column":18}},"81":{"start":{"line":82,"column":0},"end":{"line":82,"column":2}},"82":{"start":{"line":83,"column":0},"end":{"line":83,"column":0}},"83":{"start":{"line":84,"column":0},"end":{"line":84,"column":38}},"84":{"start":{"line":85,"column":0},"end":{"line":85,"column":15}},"85":{"start":{"line":86,"column":0},"end":{"line":86,"column":15}},"86":{"start":{"line":87,"column":0},"end":{"line":87,"column":13}},"87":{"start":{"line":88,"column":0},"end":{"line":88,"column":40}},"88":{"start":{"line":89,"column":0},"end":{"line":89,"column":43}},"89":{"start":{"line":90,"column":0},"end":{"line":90,"column":6}},"90":{"start":{"line":91,"column":0},"end":{"line":91,"column":33}},"91":{"start":{"line":92,"column":0},"end":{"line":92,"column":34}},"92":{"start":{"line":93,"column":0},"end":{"line":93,"column":5}},"93":{"start":{"line":94,"column":0},"end":{"line":94,"column":4}},"94":{"start":{"line":95,"column":0},"end":{"line":95,"column":31}},"95":{"start":{"line":96,"column":0},"end":{"line":96,"column":11}},"96":{"start":{"line":97,"column":0},"end":{"line":97,"column":49}},"97":{"start":{"line":98,"column":0},"end":{"line":98,"column":35}},"98":{"start":{"line":99,"column":0},"end":{"line":99,"column":8}},"99":{"start":{"line":100,"column":0},"end":{"line":100,"column":58}},"100":{"start":{"line":101,"column":0},"end":{"line":101,"column":43}},"101":{"start":{"line":102,"column":0},"end":{"line":102,"column":36}},"102":{"start":{"line":103,"column":0},"end":{"line":103,"column":8}},"103":{"start":{"line":104,"column":0},"end":{"line":104,"column":59}},"104":{"start":{"line":105,"column":0},"end":{"line":105,"column":35}},"105":{"start":{"line":106,"column":0},"end":{"line":106,"column":32}},"106":{"start":{"line":107,"column":0},"end":{"line":107,"column":41}},"107":{"start":{"line":108,"column":0},"end":{"line":108,"column":8}},"108":{"start":{"line":109,"column":0},"end":{"line":109,"column":46}},"109":{"start":{"line":110,"column":0},"end":{"line":110,"column":35}},"110":{"start":{"line":111,"column":0},"end":{"line":111,"column":8}},"111":{"start":{"line":112,"column":0},"end":{"line":112,"column":55}},"112":{"start":{"line":113,"column":0},"end":{"line":113,"column":36}},"113":{"start":{"line":114,"column":0},"end":{"line":114,"column":43}},"114":{"start":{"line":115,"column":0},"end":{"line":115,"column":8}},"115":{"start":{"line":116,"column":0},"end":{"line":116,"column":56}},"116":{"start":{"line":117,"column":0},"end":{"line":117,"column":35}},"117":{"start":{"line":118,"column":0},"end":{"line":118,"column":32}},"118":{"start":{"line":119,"column":0},"end":{"line":119,"column":41}},"119":{"start":{"line":120,"column":0},"end":{"line":120,"column":8}},"120":{"start":{"line":121,"column":0},"end":{"line":121,"column":47}},"121":{"start":{"line":122,"column":0},"end":{"line":122,"column":32}},"122":{"start":{"line":123,"column":0},"end":{"line":123,"column":8}},"123":{"start":{"line":124,"column":0},"end":{"line":124,"column":56}},"124":{"start":{"line":125,"column":0},"end":{"line":125,"column":43}},"125":{"start":{"line":126,"column":0},"end":{"line":126,"column":8}},"126":{"start":{"line":127,"column":0},"end":{"line":127,"column":49}},"127":{"start":{"line":128,"column":0},"end":{"line":128,"column":32}},"128":{"start":{"line":129,"column":0},"end":{"line":129,"column":26}},"129":{"start":{"line":130,"column":0},"end":{"line":130,"column":8}},"130":{"start":{"line":131,"column":0},"end":{"line":131,"column":56}},"131":{"start":{"line":132,"column":0},"end":{"line":132,"column":43}},"132":{"start":{"line":133,"column":0},"end":{"line":133,"column":8}},"133":{"start":{"line":134,"column":0},"end":{"line":134,"column":57}},"134":{"start":{"line":135,"column":0},"end":{"line":135,"column":41}},"135":{"start":{"line":136,"column":0},"end":{"line":136,"column":9}},"136":{"start":{"line":137,"column":0},"end":{"line":137,"column":3}},"137":{"start":{"line":138,"column":0},"end":{"line":138,"column":3}},"138":{"start":{"line":139,"column":0},"end":{"line":139,"column":0}},"139":{"start":{"line":140,"column":0},"end":{"line":140,"column":45}},"140":{"start":{"line":141,"column":0},"end":{"line":141,"column":61}}},"s":{"0":1,"1":1,"2":1,"3":1,"4":1,"5":1,"6":1,"7":1,"8":1,"9":1,"10":1,"11":1,"12":1,"13":1,"14":1,"15":1,"16":1,"17":1,"18":1,"19":1,"20":1,"21":1,"22":1,"23":0,"24":0,"25":0,"26":0,"27":0,"28":1,"29":1,"30":1,"31":1,"32":1,"33":1,"34":1,"35":1,"36":0,"37":0,"38":0,"39":1,"40":1,"41":1,"42":1,"43":1,"44":1,"45":1,"46":1,"47":1,"48":1,"49":0,"50":1,"51":1,"52":1,"53":1,"54":1,"55":0,"56":0,"57":0,"58":0,"59":0,"60":0,"61":0,"62":0,"63":0,"64":0,"65":0,"66":0,"67":0,"68":0,"69":1,"70":1,"71":1,"72":1,"73":1,"74":1,"75":1,"76":1,"77":1,"78":1,"79":1,"80":1,"81":1,"82":1,"83":1,"84":1,"85":1,"86":1,"87":1,"88":1,"89":1,"90":1,"91":1,"92":1,"93":1,"94":1,"95":2,"96":2,"97":1,"98":2,"99":2,"100":1,"101":1,"102":2,"103":2,"104":1,"105":1,"106":1,"107":2,"108":2,"109":1,"110":2,"111":2,"112":1,"113":1,"114":2,"115":2,"116":1,"117":1,"118":1,"119":2,"120":2,"121":1,"122":2,"123":2,"124":1,"125":2,"126":2,"127":1,"128":1,"129":2,"130":2,"131":1,"132":2,"133":2,"134":1,"135":2,"136":2,"137":1,"138":1,"139":1,"140":1},"branchMap":{"0":{"type":"branch","line":88,"loc":{"start":{"line":88,"column":20},"end":{"line":90,"column":5}},"locations":[{"start":{"line":88,"column":20},"end":{"line":90,"column":5}}]},"1":{"type":"branch","line":91,"loc":{"start":{"line":91,"column":13},"end":{"line":93,"column":5}},"locations":[{"start":{"line":91,"column":13},"end":{"line":93,"column":5}}]},"2":{"type":"branch","line":95,"loc":{"start":{"line":95,"column":17},"end":{"line":137,"column":3}},"locations":[{"start":{"line":95,"column":17},"end":{"line":137,"column":3}}]},"3":{"type":"branch","line":97,"loc":{"start":{"line":97,"column":37},"end":{"line":99,"column":7}},"locations":[{"start":{"line":97,"column":37},"end":{"line":99,"column":7}}]},"4":{"type":"branch","line":100,"loc":{"start":{"line":100,"column":38},"end":{"line":103,"column":7}},"locations":[{"start":{"line":100,"column":38},"end":{"line":103,"column":7}}]},"5":{"type":"branch","line":104,"loc":{"start":{"line":104,"column":39},"end":{"line":108,"column":7}},"locations":[{"start":{"line":104,"column":39},"end":{"line":108,"column":7}}]},"6":{"type":"branch","line":109,"loc":{"start":{"line":109,"column":34},"end":{"line":111,"column":7}},"locations":[{"start":{"line":109,"column":34},"end":{"line":111,"column":7}}]},"7":{"type":"branch","line":112,"loc":{"start":{"line":112,"column":35},"end":{"line":115,"column":7}},"locations":[{"start":{"line":112,"column":35},"end":{"line":115,"column":7}}]},"8":{"type":"branch","line":116,"loc":{"start":{"line":116,"column":36},"end":{"line":120,"column":7}},"locations":[{"start":{"line":116,"column":36},"end":{"line":120,"column":7}}]},"9":{"type":"branch","line":121,"loc":{"start":{"line":121,"column":35},"end":{"line":123,"column":7}},"locations":[{"start":{"line":121,"column":35},"end":{"line":123,"column":7}}]},"10":{"type":"branch","line":124,"loc":{"start":{"line":124,"column":36},"end":{"line":126,"column":7}},"locations":[{"start":{"line":124,"column":36},"end":{"line":126,"column":7}}]},"11":{"type":"branch","line":127,"loc":{"start":{"line":127,"column":37},"end":{"line":130,"column":7}},"locations":[{"start":{"line":127,"column":37},"end":{"line":130,"column":7}}]},"12":{"type":"branch","line":131,"loc":{"start":{"line":131,"column":36},"end":{"line":133,"column":7}},"locations":[{"start":{"line":131,"column":36},"end":{"line":133,"column":7}}]},"13":{"type":"branch","line":134,"loc":{"start":{"line":134,"column":37},"end":{"line":136,"column":7}},"locations":[{"start":{"line":134,"column":37},"end":{"line":136,"column":7}}]}},"b":{"0":[1],"1":[1],"2":[2],"3":[1],"4":[1],"5":[1],"6":[1],"7":[1],"8":[1],"9":[1],"10":[1],"11":[1],"12":[1],"13":[1]},"fnMap":{"0":{"name":"setAuthChecked","decl":{"start":{"line":88,"column":20},"end":{"line":90,"column":5}},"loc":{"start":{"line":88,"column":20},"end":{"line":90,"column":5}},"line":88},"1":{"name":"setUser","decl":{"start":{"line":91,"column":13},"end":{"line":93,"column":5}},"loc":{"start":{"line":91,"column":13},"end":{"line":93,"column":5}},"line":91},"2":{"name":"extraReducers","decl":{"start":{"line":95,"column":17},"end":{"line":137,"column":3}},"loc":{"start":{"line":95,"column":17},"end":{"line":137,"column":3}},"line":95}},"f":{"0":1,"1":1,"2":2}}
,"C:\\Users\\User\\Desktop\\IT_projects\\Stellar-Burger\\stellar-burger\\src\\utils\\burger-api.ts": {"path":"C:\\Users\\User\\Desktop\\IT_projects\\Stellar-Burger\\stellar-burger\\src\\utils\\burger-api.ts","all":false,"statementMap":{"0":{"start":{"line":1,"column":0},"end":{"line":1,"column":48}},"1":{"start":{"line":2,"column":0},"end":{"line":2,"column":66}},"2":{"start":{"line":3,"column":0},"end":{"line":3,"column":0}},"3":{"start":{"line":4,"column":0},"end":{"line":4,"column":39}},"4":{"start":{"line":5,"column":0},"end":{"line":5,"column":0}},"5":{"start":{"line":6,"column":0},"end":{"line":6,"column":55}},"6":{"start":{"line":7,"column":0},"end":{"line":7,"column":70}},"7":{"start":{"line":8,"column":0},"end":{"line":8,"column":0}},"8":{"start":{"line":9,"column":0},"end":{"line":9,"column":27}},"9":{"start":{"line":10,"column":0},"end":{"line":10,"column":19}},"10":{"start":{"line":11,"column":0},"end":{"line":11,"column":6}},"11":{"start":{"line":12,"column":0},"end":{"line":12,"column":0}},"12":{"start":{"line":13,"column":0},"end":{"line":13,"column":41}},"13":{"start":{"line":14,"column":0},"end":{"line":14,"column":23}},"14":{"start":{"line":15,"column":0},"end":{"line":15,"column":22}},"15":{"start":{"line":16,"column":0},"end":{"line":16,"column":3}},"16":{"start":{"line":17,"column":0},"end":{"line":17,"column":0}},"17":{"start":{"line":18,"column":0},"end":{"line":18,"column":60}},"18":{"start":{"line":19,"column":0},"end":{"line":19,"column":30}},"19":{"start":{"line":20,"column":0},"end":{"line":20,"column":19}},"20":{"start":{"line":21,"column":0},"end":{"line":21,"column":14}},"21":{"start":{"line":22,"column":0},"end":{"line":22,"column":54}},"22":{"start":{"line":23,"column":0},"end":{"line":23,"column":6}},"23":{"start":{"line":24,"column":0},"end":{"line":24,"column":26}},"24":{"start":{"line":25,"column":0},"end":{"line":25,"column":49}},"25":{"start":{"line":26,"column":0},"end":{"line":26,"column":6}},"26":{"start":{"line":27,"column":0},"end":{"line":27,"column":4}},"27":{"start":{"line":28,"column":0},"end":{"line":28,"column":56}},"28":{"start":{"line":29,"column":0},"end":{"line":29,"column":28}},"29":{"start":{"line":30,"column":0},"end":{"line":30,"column":33}},"30":{"start":{"line":31,"column":0},"end":{"line":31,"column":43}},"31":{"start":{"line":32,"column":0},"end":{"line":32,"column":7}},"32":{"start":{"line":33,"column":0},"end":{"line":33,"column":69}},"33":{"start":{"line":34,"column":0},"end":{"line":34,"column":56}},"34":{"start":{"line":35,"column":0},"end":{"line":35,"column":25}},"35":{"start":{"line":36,"column":0},"end":{"line":36,"column":7}},"36":{"start":{"line":37,"column":0},"end":{"line":37,"column":0}},"37":{"start":{"line":38,"column":0},"end":{"line":38,"column":42}},"38":{"start":{"line":39,"column":0},"end":{"line":39,"column":19}},"39":{"start":{"line":40,"column":0},"end":{"line":40,"column":22}},"40":{"start":{"line":41,"column":0},"end":{"line":41,"column":6}},"41":{"start":{"line":42,"column":0},"end":{"line":42,"column":7}},"42":{"start":{"line":43,"column":0},"end":{"line":43,"column":42}},"43":{"start":{"line":44,"column":0},"end":{"line":44,"column":39}},"44":{"start":{"line":45,"column":0},"end":{"line":45,"column":17}},"45":{"start":{"line":46,"column":0},"end":{"line":46,"column":65}},"46":{"start":{"line":47,"column":0},"end":{"line":47,"column":47}},"47":{"start":{"line":48,"column":0},"end":{"line":48,"column":28}},"48":{"start":{"line":49,"column":0},"end":{"line":49,"column":70}},"49":{"start":{"line":50,"column":0},"end":{"line":50,"column":34}},"50":{"start":{"line":51,"column":0},"end":{"line":51,"column":7}},"51":{"start":{"line":52,"column":0},"end":{"line":52,"column":44}},"52":{"start":{"line":53,"column":0},"end":{"line":53,"column":41}},"53":{"start":{"line":54,"column":0},"end":{"line":54,"column":12}},"54":{"start":{"line":55,"column":0},"end":{"line":55,"column":33}},"55":{"start":{"line":56,"column":0},"end":{"line":56,"column":5}},"56":{"start":{"line":57,"column":0},"end":{"line":57,"column":3}},"57":{"start":{"line":58,"column":0},"end":{"line":58,"column":2}},"58":{"start":{"line":59,"column":0},"end":{"line":59,"column":0}},"59":{"start":{"line":60,"column":0},"end":{"line":60,"column":45}},"60":{"start":{"line":61,"column":0},"end":{"line":61,"column":22}},"61":{"start":{"line":62,"column":0},"end":{"line":62,"column":3}},"62":{"start":{"line":63,"column":0},"end":{"line":63,"column":0}},"63":{"start":{"line":64,"column":0},"end":{"line":64,"column":39}},"64":{"start":{"line":65,"column":0},"end":{"line":65,"column":19}},"65":{"start":{"line":66,"column":0},"end":{"line":66,"column":16}},"66":{"start":{"line":67,"column":0},"end":{"line":67,"column":21}},"67":{"start":{"line":68,"column":0},"end":{"line":68,"column":3}},"68":{"start":{"line":69,"column":0},"end":{"line":69,"column":0}},"69":{"start":{"line":70,"column":0},"end":{"line":70,"column":40}},"70":{"start":{"line":71,"column":0},"end":{"line":71,"column":17}},"71":{"start":{"line":72,"column":0},"end":{"line":72,"column":3}},"72":{"start":{"line":73,"column":0},"end":{"line":73,"column":0}},"73":{"start":{"line":74,"column":0},"end":{"line":74,"column":38}},"74":{"start":{"line":75,"column":0},"end":{"line":75,"column":29}},"75":{"start":{"line":76,"column":0},"end":{"line":76,"column":60}},"76":{"start":{"line":77,"column":0},"end":{"line":77,"column":21}},"77":{"start":{"line":78,"column":0},"end":{"line":78,"column":42}},"78":{"start":{"line":79,"column":0},"end":{"line":79,"column":34}},"79":{"start":{"line":80,"column":0},"end":{"line":80,"column":7}},"80":{"start":{"line":81,"column":0},"end":{"line":81,"column":0}},"81":{"start":{"line":82,"column":0},"end":{"line":82,"column":32}},"82":{"start":{"line":83,"column":0},"end":{"line":83,"column":28}},"83":{"start":{"line":84,"column":0},"end":{"line":84,"column":54}},"84":{"start":{"line":85,"column":0},"end":{"line":85,"column":21}},"85":{"start":{"line":86,"column":0},"end":{"line":86,"column":37}},"86":{"start":{"line":87,"column":0},"end":{"line":87,"column":34}},"87":{"start":{"line":88,"column":0},"end":{"line":88,"column":7}},"88":{"start":{"line":89,"column":0},"end":{"line":89,"column":0}},"89":{"start":{"line":90,"column":0},"end":{"line":90,"column":33}},"90":{"start":{"line":91,"column":0},"end":{"line":91,"column":53}},"91":{"start":{"line":92,"column":0},"end":{"line":92,"column":18}},"92":{"start":{"line":93,"column":0},"end":{"line":93,"column":14}},"93":{"start":{"line":94,"column":0},"end":{"line":94,"column":55}},"94":{"start":{"line":95,"column":0},"end":{"line":95,"column":45}},"95":{"start":{"line":96,"column":0},"end":{"line":96,"column":20}},"96":{"start":{"line":97,"column":0},"end":{"line":97,"column":21}},"97":{"start":{"line":98,"column":0},"end":{"line":98,"column":42}},"98":{"start":{"line":99,"column":0},"end":{"line":99,"column":32}},"99":{"start":{"line":100,"column":0},"end":{"line":100,"column":5}},"100":{"start":{"line":101,"column":0},"end":{"line":101,"column":0}},"101":{"start":{"line":102,"column":0},"end":{"line":102,"column":42}},"102":{"start":{"line":103,"column":0},"end":{"line":103,"column":16}},"103":{"start":{"line":104,"column":0},"end":{"line":104,"column":15}},"104":{"start":{"line":105,"column":0},"end":{"line":105,"column":3}},"105":{"start":{"line":106,"column":0},"end":{"line":106,"column":0}},"106":{"start":{"line":107,"column":0},"end":{"line":107,"column":49}},"107":{"start":{"line":108,"column":0},"end":{"line":108,"column":56}},"108":{"start":{"line":109,"column":0},"end":{"line":109,"column":19}},"109":{"start":{"line":110,"column":0},"end":{"line":110,"column":14}},"110":{"start":{"line":111,"column":0},"end":{"line":111,"column":55}},"111":{"start":{"line":112,"column":0},"end":{"line":112,"column":45}},"112":{"start":{"line":113,"column":0},"end":{"line":113,"column":21}},"113":{"start":{"line":114,"column":0},"end":{"line":114,"column":26}},"114":{"start":{"line":115,"column":0},"end":{"line":115,"column":23}},"115":{"start":{"line":116,"column":0},"end":{"line":116,"column":6}},"116":{"start":{"line":117,"column":0},"end":{"line":117,"column":21}},"117":{"start":{"line":118,"column":0},"end":{"line":118,"column":35}},"118":{"start":{"line":119,"column":0},"end":{"line":119,"column":32}},"119":{"start":{"line":120,"column":0},"end":{"line":120,"column":5}},"120":{"start":{"line":121,"column":0},"end":{"line":121,"column":0}},"121":{"start":{"line":122,"column":0},"end":{"line":122,"column":39}},"122":{"start":{"line":123,"column":0},"end":{"line":123,"column":19}},"123":{"start":{"line":124,"column":0},"end":{"line":124,"column":3}},"124":{"start":{"line":125,"column":0},"end":{"line":125,"column":0}},"125":{"start":{"line":126,"column":0},"end":{"line":126,"column":54}},"126":{"start":{"line":127,"column":0},"end":{"line":127,"column":36}},"127":{"start":{"line":128,"column":0},"end":{"line":128,"column":18}},"128":{"start":{"line":129,"column":0},"end":{"line":129,"column":14}},"129":{"start":{"line":130,"column":0},"end":{"line":130,"column":40}},"130":{"start":{"line":131,"column":0},"end":{"line":131,"column":5}},"131":{"start":{"line":132,"column":0},"end":{"line":132,"column":55}},"132":{"start":{"line":133,"column":0},"end":{"line":133,"column":0}},"133":{"start":{"line":134,"column":0},"end":{"line":134,"column":29}},"134":{"start":{"line":135,"column":0},"end":{"line":135,"column":16}},"135":{"start":{"line":136,"column":0},"end":{"line":136,"column":15}},"136":{"start":{"line":137,"column":0},"end":{"line":137,"column":19}},"137":{"start":{"line":138,"column":0},"end":{"line":138,"column":2}},"138":{"start":{"line":139,"column":0},"end":{"line":139,"column":0}},"139":{"start":{"line":140,"column":0},"end":{"line":140,"column":38}},"140":{"start":{"line":141,"column":0},"end":{"line":141,"column":23}},"141":{"start":{"line":142,"column":0},"end":{"line":142,"column":22}},"142":{"start":{"line":143,"column":0},"end":{"line":143,"column":14}},"143":{"start":{"line":144,"column":0},"end":{"line":144,"column":3}},"144":{"start":{"line":145,"column":0},"end":{"line":145,"column":0}},"145":{"start":{"line":146,"column":0},"end":{"line":146,"column":55}},"146":{"start":{"line":147,"column":0},"end":{"line":147,"column":33}},"147":{"start":{"line":148,"column":0},"end":{"line":148,"column":19}},"148":{"start":{"line":149,"column":0},"end":{"line":149,"column":14}},"149":{"start":{"line":150,"column":0},"end":{"line":150,"column":54}},"150":{"start":{"line":151,"column":0},"end":{"line":151,"column":6}},"151":{"start":{"line":152,"column":0},"end":{"line":152,"column":30}},"152":{"start":{"line":153,"column":0},"end":{"line":153,"column":4}},"153":{"start":{"line":154,"column":0},"end":{"line":154,"column":53}},"154":{"start":{"line":155,"column":0},"end":{"line":155,"column":21}},"155":{"start":{"line":156,"column":0},"end":{"line":156,"column":37}},"156":{"start":{"line":157,"column":0},"end":{"line":157,"column":34}},"157":{"start":{"line":158,"column":0},"end":{"line":158,"column":7}},"158":{"start":{"line":159,"column":0},"end":{"line":159,"column":0}},"159":{"start":{"line":160,"column":0},"end":{"line":160,"column":26}},"160":{"start":{"line":161,"column":0},"end":{"line":161,"column":16}},"161":{"start":{"line":162,"column":0},"end":{"line":162,"column":19}},"162":{"start":{"line":163,"column":0},"end":{"line":163,"column":2}},"163":{"start":{"line":164,"column":0},"end":{"line":164,"column":0}},"164":{"start":{"line":165,"column":0},"end":{"line":165,"column":49}},"165":{"start":{"line":166,"column":0},"end":{"line":166,"column":30}},"166":{"start":{"line":167,"column":0},"end":{"line":167,"column":19}},"167":{"start":{"line":168,"column":0},"end":{"line":168,"column":14}},"168":{"start":{"line":169,"column":0},"end":{"line":169,"column":54}},"169":{"start":{"line":170,"column":0},"end":{"line":170,"column":6}},"170":{"start":{"line":171,"column":0},"end":{"line":171,"column":30}},"171":{"start":{"line":172,"column":0},"end":{"line":172,"column":4}},"172":{"start":{"line":173,"column":0},"end":{"line":173,"column":53}},"173":{"start":{"line":174,"column":0},"end":{"line":174,"column":21}},"174":{"start":{"line":175,"column":0},"end":{"line":175,"column":37}},"175":{"start":{"line":176,"column":0},"end":{"line":176,"column":34}},"176":{"start":{"line":177,"column":0},"end":{"line":177,"column":7}},"177":{"start":{"line":178,"column":0},"end":{"line":178,"column":0}},"178":{"start":{"line":179,"column":0},"end":{"line":179,"column":61}},"179":{"start":{"line":180,"column":0},"end":{"line":180,"column":34}},"180":{"start":{"line":181,"column":0},"end":{"line":181,"column":19}},"181":{"start":{"line":182,"column":0},"end":{"line":182,"column":14}},"182":{"start":{"line":183,"column":0},"end":{"line":183,"column":54}},"183":{"start":{"line":184,"column":0},"end":{"line":184,"column":6}},"184":{"start":{"line":185,"column":0},"end":{"line":185,"column":30}},"185":{"start":{"line":186,"column":0},"end":{"line":186,"column":4}},"186":{"start":{"line":187,"column":0},"end":{"line":187,"column":59}},"187":{"start":{"line":188,"column":0},"end":{"line":188,"column":21}},"188":{"start":{"line":189,"column":0},"end":{"line":189,"column":37}},"189":{"start":{"line":190,"column":0},"end":{"line":190,"column":34}},"190":{"start":{"line":191,"column":0},"end":{"line":191,"column":7}},"191":{"start":{"line":192,"column":0},"end":{"line":192,"column":0}},"192":{"start":{"line":193,"column":0},"end":{"line":193,"column":78}},"193":{"start":{"line":194,"column":0},"end":{"line":194,"column":40}},"194":{"start":{"line":195,"column":0},"end":{"line":195,"column":19}},"195":{"start":{"line":196,"column":0},"end":{"line":196,"column":14}},"196":{"start":{"line":197,"column":0},"end":{"line":197,"column":54}},"197":{"start":{"line":198,"column":0},"end":{"line":198,"column":6}},"198":{"start":{"line":199,"column":0},"end":{"line":199,"column":30}},"199":{"start":{"line":200,"column":0},"end":{"line":200,"column":4}},"200":{"start":{"line":201,"column":0},"end":{"line":201,"column":59}},"201":{"start":{"line":202,"column":0},"end":{"line":202,"column":21}},"202":{"start":{"line":203,"column":0},"end":{"line":203,"column":37}},"203":{"start":{"line":204,"column":0},"end":{"line":204,"column":34}},"204":{"start":{"line":205,"column":0},"end":{"line":205,"column":7}},"205":{"start":{"line":206,"column":0},"end":{"line":206,"column":0}},"206":{"start":{"line":207,"column":0},"end":{"line":207,"column":54}},"207":{"start":{"line":208,"column":0},"end":{"line":208,"column":0}},"208":{"start":{"line":209,"column":0},"end":{"line":209,"column":31}},"209":{"start":{"line":210,"column":0},"end":{"line":210,"column":55}},"210":{"start":{"line":211,"column":0},"end":{"line":211,"column":14}},"211":{"start":{"line":212,"column":0},"end":{"line":212,"column":45}},"212":{"start":{"line":213,"column":0},"end":{"line":213,"column":20}},"213":{"start":{"line":214,"column":0},"end":{"line":214,"column":5}},"214":{"start":{"line":215,"column":0},"end":{"line":215,"column":0}},"215":{"start":{"line":216,"column":0},"end":{"line":216,"column":62}},"216":{"start":{"line":217,"column":0},"end":{"line":217,"column":55}},"217":{"start":{"line":218,"column":0},"end":{"line":218,"column":20}},"218":{"start":{"line":219,"column":0},"end":{"line":219,"column":14}},"219":{"start":{"line":220,"column":0},"end":{"line":220,"column":55}},"220":{"start":{"line":221,"column":0},"end":{"line":221,"column":45}},"221":{"start":{"line":222,"column":0},"end":{"line":222,"column":21}},"222":{"start":{"line":223,"column":0},"end":{"line":223,"column":30}},"223":{"start":{"line":224,"column":0},"end":{"line":224,"column":5}},"224":{"start":{"line":225,"column":0},"end":{"line":225,"column":0}},"225":{"start":{"line":226,"column":0},"end":{"line":226,"column":30}},"226":{"start":{"line":227,"column":0},"end":{"line":227,"column":31}},"227":{"start":{"line":228,"column":0},"end":{"line":228,"column":19}},"228":{"start":{"line":229,"column":0},"end":{"line":229,"column":14}},"229":{"start":{"line":230,"column":0},"end":{"line":230,"column":54}},"230":{"start":{"line":231,"column":0},"end":{"line":231,"column":6}},"231":{"start":{"line":232,"column":0},"end":{"line":232,"column":26}},"232":{"start":{"line":233,"column":0},"end":{"line":233,"column":49}},"233":{"start":{"line":234,"column":0},"end":{"line":234,"column":6}},"234":{"start":{"line":235,"column":0},"end":{"line":235,"column":60}}},"s":{"0":1,"1":1,"2":1,"3":1,"4":1,"5":1,"6":0,"7":1,"8":1,"9":1,"10":1,"11":1,"12":1,"13":1,"14":1,"15":1,"16":1,"17":1,"18":0,"19":0,"20":0,"21":0,"22":0,"23":0,"24":0,"25":0,"26":0,"27":0,"28":0,"29":0,"30":0,"31":0,"32":0,"33":0,"34":0,"35":0,"36":1,"37":1,"38":0,"39":0,"40":0,"41":0,"42":0,"43":0,"44":0,"45":0,"46":0,"47":0,"48":0,"49":0,"50":0,"51":0,"52":0,"53":0,"54":0,"55":0,"56":0,"57":0,"58":1,"59":1,"60":1,"61":1,"62":1,"63":1,"64":1,"65":1,"66":1,"67":1,"68":1,"69":1,"70":1,"71":1,"72":1,"73":1,"74":0,"75":0,"76":0,"77":0,"78":0,"79":0,"80":1,"81":1,"82":0,"83":0,"84":0,"85":0,"86":0,"87":0,"88":1,"89":1,"90":0,"91":0,"92":0,"93":0,"94":0,"95":0,"96":0,"97":0,"98":0,"99":0,"100":1,"101":1,"102":1,"103":1,"104":1,"105":1,"106":1,"107":0,"108":0,"109":0,"110":0,"111":0,"112":0,"113":0,"114":0,"115":0,"116":0,"117":0,"118":0,"119":0,"120":1,"121":1,"122":1,"123":1,"124":1,"125":1,"126":0,"127":0,"128":0,"129":0,"130":0,"131":0,"132":1,"133":1,"134":1,"135":1,"136":1,"137":1,"138":1,"139":1,"140":1,"141":1,"142":1,"143":1,"144":1,"145":1,"146":0,"147":0,"148":0,"149":0,"150":0,"151":0,"152":0,"153":0,"154":0,"155":0,"156":0,"157":0,"158":1,"159":1,"160":1,"161":1,"162":1,"163":1,"164":1,"165":0,"166":0,"167":0,"168":0,"169":0,"170":0,"171":0,"172":0,"173":0,"174":0,"175":0,"176":0,"177":1,"178":1,"179":0,"180":0,"181":0,"182":0,"183":0,"184":0,"185":0,"186":0,"187":0,"188":0,"189":0,"190":0,"191":1,"192":1,"193":0,"194":0,"195":0,"196":0,"197":0,"198":0,"199":0,"200":0,"201":0,"202":0,"203":0,"204":0,"205":1,"206":1,"207":1,"208":1,"209":0,"210":0,"211":0,"212":0,"213":0,"214":1,"215":1,"216":0,"217":0,"218":0,"219":0,"220":0,"221":0,"222":0,"223":0,"224":1,"225":1,"226":0,"227":0,"228":0,"229":0,"230":0,"231":0,"232":0,"233":0,"234":0},"branchMap":{},"b":{},"fnMap":{"0":{"name":"checkResponse","decl":{"start":{"line":6,"column":22},"end":{"line":7,"column":70}},"loc":{"start":{"line":6,"column":22},"end":{"line":7,"column":70}},"line":6},"1":{"name":"refreshToken","decl":{"start":{"line":18,"column":28},"end":{"line":36,"column":7}},"loc":{"start":{"line":18,"column":28},"end":{"line":36,"column":7}},"line":18},"2":{"name":"fetchWithRefresh","decl":{"start":{"line":38,"column":32},"end":{"line":58,"column":2}},"loc":{"start":{"line":38,"column":32},"end":{"line":58,"column":2}},"line":38},"3":{"name":"getIngredientsApi","decl":{"start":{"line":74,"column":33},"end":{"line":80,"column":7}},"loc":{"start":{"line":74,"column":33},"end":{"line":80,"column":7}},"line":74},"4":{"name":"getFeedsApi","decl":{"start":{"line":82,"column":27},"end":{"line":88,"column":7}},"loc":{"start":{"line":82,"column":27},"end":{"line":88,"column":7}},"line":82},"5":{"name":"getOrdersApi","decl":{"start":{"line":90,"column":28},"end":{"line":100,"column":5}},"loc":{"start":{"line":90,"column":28},"end":{"line":100,"column":5}},"line":90},"6":{"name":"orderBurgerApi","decl":{"start":{"line":107,"column":30},"end":{"line":120,"column":5}},"loc":{"start":{"line":107,"column":30},"end":{"line":120,"column":5}},"line":107},"7":{"name":"getOrderByNumberApi","decl":{"start":{"line":126,"column":35},"end":{"line":132,"column":55}},"loc":{"start":{"line":126,"column":35},"end":{"line":132,"column":55}},"line":126},"8":{"name":"registerUserApi","decl":{"start":{"line":146,"column":31},"end":{"line":158,"column":7}},"loc":{"start":{"line":146,"column":31},"end":{"line":158,"column":7}},"line":146},"9":{"name":"loginUserApi","decl":{"start":{"line":165,"column":28},"end":{"line":177,"column":7}},"loc":{"start":{"line":165,"column":28},"end":{"line":177,"column":7}},"line":165},"10":{"name":"forgotPasswordApi","decl":{"start":{"line":179,"column":33},"end":{"line":191,"column":7}},"loc":{"start":{"line":179,"column":33},"end":{"line":191,"column":7}},"line":179},"11":{"name":"resetPasswordApi","decl":{"start":{"line":193,"column":32},"end":{"line":205,"column":7}},"loc":{"start":{"line":193,"column":32},"end":{"line":205,"column":7}},"line":193},"12":{"name":"getUserApi","decl":{"start":{"line":209,"column":26},"end":{"line":214,"column":5}},"loc":{"start":{"line":209,"column":26},"end":{"line":214,"column":5}},"line":209},"13":{"name":"updateUserApi","decl":{"start":{"line":216,"column":29},"end":{"line":224,"column":5}},"loc":{"start":{"line":216,"column":29},"end":{"line":224,"column":5}},"line":216},"14":{"name":"logoutApi","decl":{"start":{"line":226,"column":25},"end":{"line":235,"column":60}},"loc":{"start":{"line":226,"column":25},"end":{"line":235,"column":60}},"line":226}},"f":{"0":0,"1":0,"2":0,"3":0,"4":0,"5":0,"6":0,"7":0,"8":0,"9":0,"10":0,"11":0,"12":0,"13":0,"14":0}}
,"C:\\Users\\User\\Desktop\\IT_projects\\Stellar-Burger\\stellar-burger\\src\\utils\\cookie.ts": {"path":"C:\\Users\\User\\Desktop\\IT_projects\\Stellar-Burger\\stellar-burger\\src\\utils\\cookie.ts","all":false,"statementMap":{"0":{"start":{"line":1,"column":0},"end":{"line":1,"column":61}},"1":{"start":{"line":2,"column":0},"end":{"line":2,"column":40}},"2":{"start":{"line":3,"column":0},"end":{"line":3,"column":15}},"3":{"start":{"line":4,"column":0},"end":{"line":4,"column":18}},"4":{"start":{"line":5,"column":0},"end":{"line":5,"column":53}},"5":{"start":{"line":6,"column":0},"end":{"line":6,"column":62}},"6":{"start":{"line":7,"column":0},"end":{"line":7,"column":18}},"7":{"start":{"line":8,"column":0},"end":{"line":8,"column":5}},"8":{"start":{"line":9,"column":0},"end":{"line":9,"column":4}},"9":{"start":{"line":10,"column":0},"end":{"line":10,"column":62}},"10":{"start":{"line":11,"column":0},"end":{"line":11,"column":1}},"11":{"start":{"line":12,"column":0},"end":{"line":12,"column":0}},"12":{"start":{"line":13,"column":0},"end":{"line":13,"column":26}},"13":{"start":{"line":14,"column":0},"end":{"line":14,"column":15}},"14":{"start":{"line":15,"column":0},"end":{"line":15,"column":16}},"15":{"start":{"line":16,"column":0},"end":{"line":16,"column":65}},"16":{"start":{"line":17,"column":0},"end":{"line":17,"column":3}},"17":{"start":{"line":18,"column":0},"end":{"line":18,"column":11}},"18":{"start":{"line":19,"column":0},"end":{"line":19,"column":14}},"19":{"start":{"line":20,"column":0},"end":{"line":20,"column":12}},"20":{"start":{"line":21,"column":0},"end":{"line":21,"column":4}},"21":{"start":{"line":22,"column":0},"end":{"line":22,"column":0}},"22":{"start":{"line":23,"column":0},"end":{"line":23,"column":26}},"23":{"start":{"line":24,"column":0},"end":{"line":24,"column":39}},"24":{"start":{"line":25,"column":0},"end":{"line":25,"column":25}},"25":{"start":{"line":26,"column":0},"end":{"line":26,"column":40}},"26":{"start":{"line":27,"column":0},"end":{"line":27,"column":28}},"27":{"start":{"line":28,"column":0},"end":{"line":28,"column":3}},"28":{"start":{"line":29,"column":0},"end":{"line":29,"column":0}},"29":{"start":{"line":30,"column":0},"end":{"line":30,"column":35}},"30":{"start":{"line":31,"column":0},"end":{"line":31,"column":38}},"31":{"start":{"line":32,"column":0},"end":{"line":32,"column":3}},"32":{"start":{"line":33,"column":0},"end":{"line":33,"column":36}},"33":{"start":{"line":34,"column":0},"end":{"line":34,"column":41}},"34":{"start":{"line":35,"column":0},"end":{"line":35,"column":33}},"35":{"start":{"line":36,"column":0},"end":{"line":36,"column":37}},"36":{"start":{"line":37,"column":0},"end":{"line":37,"column":38}},"37":{"start":{"line":38,"column":0},"end":{"line":38,"column":29}},"38":{"start":{"line":39,"column":0},"end":{"line":39,"column":39}},"39":{"start":{"line":40,"column":0},"end":{"line":40,"column":5}},"40":{"start":{"line":41,"column":0},"end":{"line":41,"column":3}},"41":{"start":{"line":42,"column":0},"end":{"line":42,"column":34}},"42":{"start":{"line":43,"column":0},"end":{"line":43,"column":1}},"43":{"start":{"line":44,"column":0},"end":{"line":44,"column":0}},"44":{"start":{"line":45,"column":0},"end":{"line":45,"column":44}},"45":{"start":{"line":46,"column":0},"end":{"line":46,"column":39}},"46":{"start":{"line":47,"column":0},"end":{"line":47,"column":1}}},"s":{"0":0,"1":0,"2":0,"3":0,"4":0,"5":0,"6":0,"7":0,"8":0,"9":0,"10":0,"11":1,"12":0,"13":0,"14":0,"15":0,"16":0,"17":0,"18":0,"19":0,"20":0,"21":0,"22":0,"23":0,"24":0,"25":0,"26":0,"27":0,"28":0,"29":0,"30":0,"31":0,"32":0,"33":0,"34":0,"35":0,"36":0,"37":0,"38":0,"39":0,"40":0,"41":0,"42":0,"43":1,"44":0,"45":0,"46":0},"branchMap":{},"b":{},"fnMap":{"0":{"name":"getCookie","decl":{"start":{"line":1,"column":0},"end":{"line":11,"column":1}},"loc":{"start":{"line":1,"column":0},"end":{"line":11,"column":1}},"line":1},"1":{"name":"setCookie","decl":{"start":{"line":13,"column":0},"end":{"line":43,"column":1}},"loc":{"start":{"line":13,"column":0},"end":{"line":43,"column":1}},"line":13},"2":{"name":"deleteCookie","decl":{"start":{"line":45,"column":0},"end":{"line":47,"column":1}},"loc":{"start":{"line":45,"column":0},"end":{"line":47,"column":1}},"line":45}},"f":{"0":0,"1":0,"2":0}}
}
